2016-05-21 09:18:27 Error: [MissingActionException] Action AppController::webroot() could not be found.
Exception Attributes: array (
  'controller' => 'AppController',
  'action' => 'webroot',
)
Request URL: /keihisystem/app/webroot/
Stack Trace:
#0 /Users/kawase/Dropbox/MAMP/htdocs/keihisystem/lib/Cake/Routing/Dispatcher.php(193): Controller->invokeAction(Object(CakeRequest))
#1 /Users/kawase/Dropbox/MAMP/htdocs/keihisystem/lib/Cake/Routing/Dispatcher.php(167): Dispatcher->_invoke(Object(AppController), Object(CakeRequest))
#2 /Users/kawase/Dropbox/MAMP/htdocs/keihisystem/app/webroot/index.php(111): Dispatcher->dispatch(Object(CakeRequest), Object(CakeResponse))
#3 {main}
2016-05-21 09:21:14 Error: [MissingControllerException] Controller class KeihisystemController could not be found.
Exception Attributes: array (
  'class' => 'KeihisystemController',
  'plugin' => NULL,
)
Request URL: /keihisystem/
Stack Trace:
#0 /Users/kawase/Dropbox/MAMP/htdocs/keihisystem/app/webroot/index.php(111): Dispatcher->dispatch(Object(CakeRequest), Object(CakeResponse))
#1 {main}
2016-05-21 09:41:01 Error: [MissingControllerException] Controller class KeihiController could not be found.
Exception Attributes: array (
  'class' => 'KeihiController',
  'plugin' => NULL,
)
Request URL: /keihi/input.php
Stack Trace:
#0 /Users/kawase/Dropbox/MAMP/htdocs/keihisystem/app/webroot/index.php(111): Dispatcher->dispatch(Object(CakeRequest), Object(CakeResponse))
#1 {main}
2016-05-21 10:44:17 Error: [MissingControllerException] Controller class KeihiController could not be found.
Exception Attributes: array (
  'class' => 'KeihiController',
  'plugin' => NULL,
)
Request URL: /keihi/
Stack Trace:
#0 /Users/kawase/Dropbox/MAMP/htdocs/keihisystem/app/webroot/index.php(111): Dispatcher->dispatch(Object(CakeRequest), Object(CakeResponse))
#1 {main}
2016-05-29 11:18:17 Error: [MissingControllerException] Controller class Docs-assetsController could not be found.
Exception Attributes: array (
  'class' => 'Docs-assetsController',
  'plugin' => NULL,
)
Request URL: /docs-assets/ico/favicon.png
Stack Trace:
#0 /Users/kawase/Dropbox/MAMP/htdocs/keihisystem/app/webroot/index.php(111): Dispatcher->dispatch(Object(CakeRequest), Object(CakeResponse))
#1 {main}
2016-05-29 12:11:22 Error: [MissingControllerException] Controller class KeihiController could not be found.
Exception Attributes: array (
  'class' => 'KeihiController',
  'plugin' => NULL,
)
Request URL: /keihi/
Stack Trace:
#0 /Users/kawase/Dropbox/MAMP/htdocs/keihisystem/app/webroot/index.php(111): Dispatcher->dispatch(Object(CakeRequest), Object(CakeResponse))
#1 {main}
2016-05-29 12:11:27 Error: [MissingControllerException] Controller class KeihisystemController could not be found.
Exception Attributes: array (
  'class' => 'KeihisystemController',
  'plugin' => NULL,
)
Request URL: /keihisystem
Stack Trace:
#0 /Users/kawase/Dropbox/MAMP/htdocs/keihisystem/app/webroot/index.php(111): Dispatcher->dispatch(Object(CakeRequest), Object(CakeResponse))
#1 {main}
2016-05-29 12:11:41 Error: [MissingControllerException] Controller class KeihisystemController could not be found.
Exception Attributes: array (
  'class' => 'KeihisystemController',
  'plugin' => NULL,
)
Request URL: /keihisystem/TransportExpensesDetail
Stack Trace:
#0 /Users/kawase/Dropbox/MAMP/htdocs/keihisystem/app/webroot/index.php(111): Dispatcher->dispatch(Object(CakeRequest), Object(CakeResponse))
#1 {main}
2016-05-29 12:11:58 Error: [MissingViewException] View file "TransportExpensesDetail/index.ctp" is missing.
Exception Attributes: array (
  'file' => 'TransportExpensesDetail/index.ctp',
)
Request URL: /TransportExpensesDetail
Stack Trace:
#0 /Users/kawase/Dropbox/MAMP/htdocs/keihisystem/lib/Cake/View/View.php(470): View->_getViewFileName(NULL)
#1 /Users/kawase/Dropbox/MAMP/htdocs/keihisystem/lib/Cake/Controller/Controller.php(963): View->render(NULL, NULL)
#2 /Users/kawase/Dropbox/MAMP/htdocs/keihisystem/lib/Cake/Routing/Dispatcher.php(200): Controller->render()
#3 /Users/kawase/Dropbox/MAMP/htdocs/keihisystem/lib/Cake/Routing/Dispatcher.php(167): Dispatcher->_invoke(Object(TransportExpensesDetailController), Object(CakeRequest))
#4 /Users/kawase/Dropbox/MAMP/htdocs/keihisystem/app/webroot/index.php(111): Dispatcher->dispatch(Object(CakeRequest), Object(CakeResponse))
#5 {main}
2016-05-29 12:12:11 Error: [MissingControllerException] Controller class KeihiController could not be found.
Exception Attributes: array (
  'class' => 'KeihiController',
  'plugin' => NULL,
)
Request URL: /keihi/
Stack Trace:
#0 /Users/kawase/Dropbox/MAMP/htdocs/keihisystem/app/webroot/index.php(111): Dispatcher->dispatch(Object(CakeRequest), Object(CakeResponse))
#1 {main}
2016-05-29 12:12:20 Error: [MissingViewException] View file "TransportExpensesDetail/index.ctp" is missing.
Exception Attributes: array (
  'file' => 'TransportExpensesDetail/index.ctp',
)
Request URL: /TransportExpensesDetail
Stack Trace:
#0 /Users/kawase/Dropbox/MAMP/htdocs/keihisystem/lib/Cake/View/View.php(470): View->_getViewFileName(NULL)
#1 /Users/kawase/Dropbox/MAMP/htdocs/keihisystem/lib/Cake/Controller/Controller.php(963): View->render(NULL, NULL)
#2 /Users/kawase/Dropbox/MAMP/htdocs/keihisystem/lib/Cake/Routing/Dispatcher.php(200): Controller->render()
#3 /Users/kawase/Dropbox/MAMP/htdocs/keihisystem/lib/Cake/Routing/Dispatcher.php(167): Dispatcher->_invoke(Object(TransportExpensesDetailController), Object(CakeRequest))
#4 /Users/kawase/Dropbox/MAMP/htdocs/keihisystem/app/webroot/index.php(111): Dispatcher->dispatch(Object(CakeRequest), Object(CakeResponse))
#5 {main}
2016-05-29 12:15:00 Error: [MissingViewException] View file "TransportExpensesDetail/index.ctp" is missing.
Exception Attributes: array (
  'file' => 'TransportExpensesDetail/index.ctp',
)
Request URL: /TransportExpensesDetail
Stack Trace:
#0 /Users/kawase/Dropbox/MAMP/htdocs/keihisystem/lib/Cake/View/View.php(470): View->_getViewFileName(NULL)
#1 /Users/kawase/Dropbox/MAMP/htdocs/keihisystem/lib/Cake/Controller/Controller.php(963): View->render(NULL, NULL)
#2 /Users/kawase/Dropbox/MAMP/htdocs/keihisystem/lib/Cake/Routing/Dispatcher.php(200): Controller->render()
#3 /Users/kawase/Dropbox/MAMP/htdocs/keihisystem/lib/Cake/Routing/Dispatcher.php(167): Dispatcher->_invoke(Object(TransportExpensesDetailController), Object(CakeRequest))
#4 /Users/kawase/Dropbox/MAMP/htdocs/keihisystem/app/webroot/index.php(111): Dispatcher->dispatch(Object(CakeRequest), Object(CakeResponse))
#5 {main}
2016-05-29 12:15:07 Error: [MissingViewException] View file "TransportExpensesDetail/index.ctp" is missing.
Exception Attributes: array (
  'file' => 'TransportExpensesDetail/index.ctp',
)
Request URL: /TransportExpensesDetail
Stack Trace:
#0 /Users/kawase/Dropbox/MAMP/htdocs/keihisystem/lib/Cake/View/View.php(470): View->_getViewFileName(NULL)
#1 /Users/kawase/Dropbox/MAMP/htdocs/keihisystem/lib/Cake/Controller/Controller.php(963): View->render(NULL, NULL)
#2 /Users/kawase/Dropbox/MAMP/htdocs/keihisystem/lib/Cake/Routing/Dispatcher.php(200): Controller->render()
#3 /Users/kawase/Dropbox/MAMP/htdocs/keihisystem/lib/Cake/Routing/Dispatcher.php(167): Dispatcher->_invoke(Object(TransportExpensesDetailController), Object(CakeRequest))
#4 /Users/kawase/Dropbox/MAMP/htdocs/keihisystem/app/webroot/index.php(111): Dispatcher->dispatch(Object(CakeRequest), Object(CakeResponse))
#5 {main}
2016-05-29 12:15:25 Error: [MissingViewException] View file "TransportExpensesDetail/index.ctp" is missing.
Exception Attributes: array (
  'file' => 'TransportExpensesDetail/index.ctp',
)
Request URL: /TransportExpensesDetail
Stack Trace:
#0 /Users/kawase/Dropbox/MAMP/htdocs/keihisystem/lib/Cake/View/View.php(470): View->_getViewFileName(NULL)
#1 /Users/kawase/Dropbox/MAMP/htdocs/keihisystem/lib/Cake/Controller/Controller.php(963): View->render(NULL, NULL)
#2 /Users/kawase/Dropbox/MAMP/htdocs/keihisystem/lib/Cake/Routing/Dispatcher.php(200): Controller->render()
#3 /Users/kawase/Dropbox/MAMP/htdocs/keihisystem/lib/Cake/Routing/Dispatcher.php(167): Dispatcher->_invoke(Object(TransportExpensesDetailController), Object(CakeRequest))
#4 /Users/kawase/Dropbox/MAMP/htdocs/keihisystem/app/webroot/index.php(111): Dispatcher->dispatch(Object(CakeRequest), Object(CakeResponse))
#5 {main}
2016-05-29 12:15:35 Error: [MissingViewException] View file "TransportExpensesDetail/index.ctp" is missing.
Exception Attributes: array (
  'file' => 'TransportExpensesDetail/index.ctp',
)
Request URL: /TransportExpensesDetail
Stack Trace:
#0 /Users/kawase/Dropbox/MAMP/htdocs/keihisystem/lib/Cake/View/View.php(470): View->_getViewFileName(NULL)
#1 /Users/kawase/Dropbox/MAMP/htdocs/keihisystem/lib/Cake/Controller/Controller.php(963): View->render(NULL, NULL)
#2 /Users/kawase/Dropbox/MAMP/htdocs/keihisystem/lib/Cake/Routing/Dispatcher.php(200): Controller->render()
#3 /Users/kawase/Dropbox/MAMP/htdocs/keihisystem/lib/Cake/Routing/Dispatcher.php(167): Dispatcher->_invoke(Object(TransportExpensesDetailController), Object(CakeRequest))
#4 /Users/kawase/Dropbox/MAMP/htdocs/keihisystem/app/webroot/index.php(111): Dispatcher->dispatch(Object(CakeRequest), Object(CakeResponse))
#5 {main}
2016-05-29 12:17:06 Error: [MissingViewException] View file "TransportExpensesDetail/index.ctp" is missing.
Exception Attributes: array (
  'file' => 'TransportExpensesDetail/index.ctp',
)
Request URL: /TransportExpensesDetail
Stack Trace:
#0 /Users/kawase/Dropbox/MAMP/htdocs/keihisystem/lib/Cake/View/View.php(470): View->_getViewFileName(NULL)
#1 /Users/kawase/Dropbox/MAMP/htdocs/keihisystem/lib/Cake/Controller/Controller.php(963): View->render(NULL, NULL)
#2 /Users/kawase/Dropbox/MAMP/htdocs/keihisystem/lib/Cake/Routing/Dispatcher.php(200): Controller->render()
#3 /Users/kawase/Dropbox/MAMP/htdocs/keihisystem/lib/Cake/Routing/Dispatcher.php(167): Dispatcher->_invoke(Object(TransportExpensesDetailController), Object(CakeRequest))
#4 /Users/kawase/Dropbox/MAMP/htdocs/keihisystem/app/webroot/index.php(111): Dispatcher->dispatch(Object(CakeRequest), Object(CakeResponse))
#5 {main}
2016-05-29 12:22:27 Error: [MissingViewException] View file "TransportExpensesDetail/index.ctp" is missing.
Exception Attributes: array (
  'file' => 'TransportExpensesDetail/index.ctp',
)
Request URL: /TransportExpensesDetail
Stack Trace:
#0 /Users/kawase/Dropbox/MAMP/htdocs/keihisystem/lib/Cake/View/View.php(470): View->_getViewFileName(NULL)
#1 /Users/kawase/Dropbox/MAMP/htdocs/keihisystem/lib/Cake/Controller/Controller.php(963): View->render(NULL, NULL)
#2 /Users/kawase/Dropbox/MAMP/htdocs/keihisystem/lib/Cake/Routing/Dispatcher.php(200): Controller->render()
#3 /Users/kawase/Dropbox/MAMP/htdocs/keihisystem/lib/Cake/Routing/Dispatcher.php(167): Dispatcher->_invoke(Object(TransportExpensesDetailController), Object(CakeRequest))
#4 /Users/kawase/Dropbox/MAMP/htdocs/keihisystem/app/webroot/index.php(111): Dispatcher->dispatch(Object(CakeRequest), Object(CakeResponse))
#5 {main}
2016-05-29 12:22:32 Error: [MissingViewException] View file "TransportExpensesDetail/index.ctp" is missing.
Exception Attributes: array (
  'file' => 'TransportExpensesDetail/index.ctp',
)
Request URL: /TransportExpensesDetail/index
Stack Trace:
#0 /Users/kawase/Dropbox/MAMP/htdocs/keihisystem/lib/Cake/View/View.php(470): View->_getViewFileName(NULL)
#1 /Users/kawase/Dropbox/MAMP/htdocs/keihisystem/lib/Cake/Controller/Controller.php(963): View->render(NULL, NULL)
#2 /Users/kawase/Dropbox/MAMP/htdocs/keihisystem/lib/Cake/Routing/Dispatcher.php(200): Controller->render()
#3 /Users/kawase/Dropbox/MAMP/htdocs/keihisystem/lib/Cake/Routing/Dispatcher.php(167): Dispatcher->_invoke(Object(TransportExpensesDetailController), Object(CakeRequest))
#4 /Users/kawase/Dropbox/MAMP/htdocs/keihisystem/app/webroot/index.php(111): Dispatcher->dispatch(Object(CakeRequest), Object(CakeResponse))
#5 {main}
2016-05-29 12:22:34 Error: [MissingViewException] View file "TransportExpensesDetail/index.ctp" is missing.
Exception Attributes: array (
  'file' => 'TransportExpensesDetail/index.ctp',
)
Request URL: /TransportExpensesDetail
Stack Trace:
#0 /Users/kawase/Dropbox/MAMP/htdocs/keihisystem/lib/Cake/View/View.php(470): View->_getViewFileName(NULL)
#1 /Users/kawase/Dropbox/MAMP/htdocs/keihisystem/lib/Cake/Controller/Controller.php(963): View->render(NULL, NULL)
#2 /Users/kawase/Dropbox/MAMP/htdocs/keihisystem/lib/Cake/Routing/Dispatcher.php(200): Controller->render()
#3 /Users/kawase/Dropbox/MAMP/htdocs/keihisystem/lib/Cake/Routing/Dispatcher.php(167): Dispatcher->_invoke(Object(TransportExpensesDetailController), Object(CakeRequest))
#4 /Users/kawase/Dropbox/MAMP/htdocs/keihisystem/app/webroot/index.php(111): Dispatcher->dispatch(Object(CakeRequest), Object(CakeResponse))
#5 {main}
2016-05-29 12:26:36 Error: [MissingViewException] View file "TransportExpensesDetail/index.ctp" is missing.
Exception Attributes: array (
  'file' => 'TransportExpensesDetail/index.ctp',
)
Request URL: /TransportExpensesDetail
Stack Trace:
#0 /Users/kawase/Dropbox/MAMP/htdocs/keihisystem/lib/Cake/View/View.php(470): View->_getViewFileName(NULL)
#1 /Users/kawase/Dropbox/MAMP/htdocs/keihisystem/lib/Cake/Controller/Controller.php(963): View->render(NULL, NULL)
#2 /Users/kawase/Dropbox/MAMP/htdocs/keihisystem/lib/Cake/Routing/Dispatcher.php(200): Controller->render()
#3 /Users/kawase/Dropbox/MAMP/htdocs/keihisystem/lib/Cake/Routing/Dispatcher.php(167): Dispatcher->_invoke(Object(TransportExpensesDetailController), Object(CakeRequest))
#4 /Users/kawase/Dropbox/MAMP/htdocs/keihisystem/app/webroot/index.php(111): Dispatcher->dispatch(Object(CakeRequest), Object(CakeResponse))
#5 {main}
2016-05-29 12:29:01 Error: [MissingControllerException] Controller class User.phpController could not be found.
Exception Attributes: array (
  'class' => 'User.phpController',
  'plugin' => NULL,
)
Request URL: /user.php
Stack Trace:
#0 /Users/kawase/Dropbox/MAMP/htdocs/keihisystem/app/webroot/index.php(111): Dispatcher->dispatch(Object(CakeRequest), Object(CakeResponse))
#1 {main}
2016-05-29 12:29:03 Error: [MissingControllerException] Controller class Input.phpController could not be found.
Exception Attributes: array (
  'class' => 'Input.phpController',
  'plugin' => NULL,
)
Request URL: /input.php
Stack Trace:
#0 /Users/kawase/Dropbox/MAMP/htdocs/keihisystem/app/webroot/index.php(111): Dispatcher->dispatch(Object(CakeRequest), Object(CakeResponse))
#1 {main}
2016-05-29 12:29:23 Error: [MissingControllerException] Controller class Update.phpController could not be found.
Exception Attributes: array (
  'class' => 'Update.phpController',
  'plugin' => NULL,
)
Request URL: /update.php?id=8
Stack Trace:
#0 /Users/kawase/Dropbox/MAMP/htdocs/keihisystem/app/webroot/index.php(111): Dispatcher->dispatch(Object(CakeRequest), Object(CakeResponse))
#1 {main}
2016-05-29 12:46:58 Error: [MissingActionException] Action TransportExpensesDetailController::add() could not be found.
Exception Attributes: array (
  'controller' => 'TransportExpensesDetailController',
  'action' => 'add',
)
Request URL: /TransportExpensesDetail/add
Stack Trace:
#0 /Users/kawase/Dropbox/MAMP/htdocs/keihisystem/lib/Cake/Routing/Dispatcher.php(193): Controller->invokeAction(Object(CakeRequest))
#1 /Users/kawase/Dropbox/MAMP/htdocs/keihisystem/lib/Cake/Routing/Dispatcher.php(167): Dispatcher->_invoke(Object(TransportExpensesDetailController), Object(CakeRequest))
#2 /Users/kawase/Dropbox/MAMP/htdocs/keihisystem/app/webroot/index.php(111): Dispatcher->dispatch(Object(CakeRequest), Object(CakeResponse))
#3 {main}
2016-05-29 12:58:15 Error: [MissingControllerException] Controller class TransportExpensesDetailsController could not be found.
Exception Attributes: array (
  'class' => 'TransportExpensesDetailsController',
  'plugin' => NULL,
)
Request URL: /
Stack Trace:
#0 /Users/kawase/Dropbox/MAMP/htdocs/keihisystem/app/webroot/index.php(111): Dispatcher->dispatch(Object(CakeRequest), Object(CakeResponse))
#1 {main}
2016-05-29 12:58:24 Error: [MissingActionException] Action TransportExpensesDetailController::action() could not be found.
Exception Attributes: array (
  'controller' => 'TransportExpensesDetailController',
  'action' => 'action',
)
Request URL: /
Stack Trace:
#0 /Users/kawase/Dropbox/MAMP/htdocs/keihisystem/lib/Cake/Routing/Dispatcher.php(193): Controller->invokeAction(Object(CakeRequest))
#1 /Users/kawase/Dropbox/MAMP/htdocs/keihisystem/lib/Cake/Routing/Dispatcher.php(167): Dispatcher->_invoke(Object(TransportExpensesDetailController), Object(CakeRequest))
#2 /Users/kawase/Dropbox/MAMP/htdocs/keihisystem/app/webroot/index.php(111): Dispatcher->dispatch(Object(CakeRequest), Object(CakeResponse))
#3 {main}
2016-05-29 12:59:12 Error: [MissingControllerException] Controller class TransportexpensesdetailsController could not be found.
Exception Attributes: array (
  'class' => 'TransportexpensesdetailsController',
  'plugin' => NULL,
)
Request URL: /
Stack Trace:
#0 /Users/kawase/Dropbox/MAMP/htdocs/keihisystem/app/webroot/index.php(111): Dispatcher->dispatch(Object(CakeRequest), Object(CakeResponse))
#1 {main}
2016-05-29 13:00:00 Error: [MissingControllerException] Controller class TransportexpensesdetailsController could not be found.
Exception Attributes: array (
  'class' => 'TransportexpensesdetailsController',
  'plugin' => NULL,
)
Request URL: /
Stack Trace:
#0 /Users/kawase/Dropbox/MAMP/htdocs/keihisystem/app/webroot/index.php(111): Dispatcher->dispatch(Object(CakeRequest), Object(CakeResponse))
#1 {main}
2016-05-29 13:00:17 Error: [MissingControllerException] Controller class TransportexpensesdetailsController could not be found.
Exception Attributes: array (
  'class' => 'TransportexpensesdetailsController',
  'plugin' => NULL,
)
Request URL: /
Stack Trace:
#0 /Users/kawase/Dropbox/MAMP/htdocs/keihisystem/app/webroot/index.php(111): Dispatcher->dispatch(Object(CakeRequest), Object(CakeResponse))
#1 {main}
2016-05-29 13:01:59 Error: [MissingActionException] Action TransportExpensesDetailController::add() could not be found.
Exception Attributes: array (
  'controller' => 'TransportExpensesDetailController',
  'action' => 'add',
)
Request URL: /TransportExpensesDetail/add
Stack Trace:
#0 /Users/kawase/Dropbox/MAMP/htdocs/keihisystem/lib/Cake/Routing/Dispatcher.php(193): Controller->invokeAction(Object(CakeRequest))
#1 /Users/kawase/Dropbox/MAMP/htdocs/keihisystem/lib/Cake/Routing/Dispatcher.php(167): Dispatcher->_invoke(Object(TransportExpensesDetailController), Object(CakeRequest))
#2 /Users/kawase/Dropbox/MAMP/htdocs/keihisystem/app/webroot/index.php(111): Dispatcher->dispatch(Object(CakeRequest), Object(CakeResponse))
#3 {main}
2016-05-29 15:19:41 Error: [MissingControllerException] Controller class AddController could not be found.
Exception Attributes: array (
  'class' => 'AddController',
  'plugin' => NULL,
)
Request URL: /add
Stack Trace:
#0 /Users/kawase/Dropbox/MAMP/htdocs/keihisystem/app/webroot/index.php(111): Dispatcher->dispatch(Object(CakeRequest), Object(CakeResponse))
#1 {main}
2016-05-29 15:19:50 Error: [MissingActionException] Action TransportExpensesDetailController::add() could not be found.
Exception Attributes: array (
  'controller' => 'TransportExpensesDetailController',
  'action' => 'add',
)
Request URL: /TransportExpensesDetail/add
Stack Trace:
#0 /Users/kawase/Dropbox/MAMP/htdocs/keihisystem/lib/Cake/Routing/Dispatcher.php(193): Controller->invokeAction(Object(CakeRequest))
#1 /Users/kawase/Dropbox/MAMP/htdocs/keihisystem/lib/Cake/Routing/Dispatcher.php(167): Dispatcher->_invoke(Object(TransportExpensesDetailController), Object(CakeRequest))
#2 /Users/kawase/Dropbox/MAMP/htdocs/keihisystem/app/webroot/index.php(111): Dispatcher->dispatch(Object(CakeRequest), Object(CakeResponse))
#3 {main}
